0 info it worked if it ends with ok
1 verbose cli [ '/usr/bin/node', '/usr/bin/npm', 'install', '6.0.0' ]
2 info using npm@3.5.2
3 info using node@v8.10.0
4 silly loadCurrentTree Starting
5 silly install loadCurrentTree
6 silly install readLocalPackageData
7 silly fetchPackageMetaData 6.0.0
8 silly fetchNamedPackageData 6.0.0
9 silly mapToRegistry name 6.0.0
10 silly mapToRegistry using default registry
11 silly mapToRegistry registry https://registry.npmjs.org/
12 silly mapToRegistry uri https://registry.npmjs.org/6.0.0
13 verbose request uri https://registry.npmjs.org/6.0.0
14 verbose request no auth needed
15 info attempt registry request try #1 at 6:30:19 PM
16 verbose request id 96d136110e2cbd47
17 http request GET https://registry.npmjs.org/6.0.0
18 http 200 https://registry.npmjs.org/6.0.0
19 verbose headers { date: 'Thu, 17 Feb 2022 17:30:23 GMT',
19 verbose headers   'content-type': 'application/json; charset=UTF-8',
19 verbose headers   'transfer-encoding': 'chunked',
19 verbose headers   connection: 'keep-alive',
19 verbose headers   'cf-ray': '6df0be453be72e5c-BRU',
19 verbose headers   'cache-control': 'public, max-age=300',
19 verbose headers   etag: 'W/"209924a4802a8d188f0330fc1d0c1d23"',
19 verbose headers   'last-modified': 'Sat, 26 May 2018 14:10:38 GMT',
19 verbose headers   vary: 'accept-encoding, accept',
19 verbose headers   'cf-cache-status': 'MISS',
19 verbose headers   'expect-ct': 'max-age=604800, report-uri="https://report-uri.cloudflare.com/cdn-cgi/beacon/expect-ct"',
19 verbose headers   server: 'cloudflare',
19 verbose headers   'content-encoding': 'gzip' }
20 silly get cb [ 200,
20 silly get   { date: 'Thu, 17 Feb 2022 17:30:23 GMT',
20 silly get     'content-type': 'application/json; charset=UTF-8',
20 silly get     'transfer-encoding': 'chunked',
20 silly get     connection: 'keep-alive',
20 silly get     'cf-ray': '6df0be453be72e5c-BRU',
20 silly get     'cache-control': 'public, max-age=300',
20 silly get     etag: 'W/"209924a4802a8d188f0330fc1d0c1d23"',
20 silly get     'last-modified': 'Sat, 26 May 2018 14:10:38 GMT',
20 silly get     vary: 'accept-encoding, accept',
20 silly get     'cf-cache-status': 'MISS',
20 silly get     'expect-ct': 'max-age=604800, report-uri="https://report-uri.cloudflare.com/cdn-cgi/beacon/expect-ct"',
20 silly get     server: 'cloudflare',
20 silly get     'content-encoding': 'gzip' } ]
21 verbose get saving 6.0.0 to /home/sebastienfirouzfar/.npm/registry.npmjs.org/6.0.0/.cache.json
22 verbose stack TypeError: Cannot convert undefined or null to object
22 verbose stack     at Function.keys (<anonymous>)
22 verbose stack     at pickVersionFromRegistryDocument (/usr/share/npm/lib/fetch-package-metadata.js:121:29)
22 verbose stack     at /usr/share/npm/node_modules/iferr/index.js:13:50
22 verbose stack     at /usr/share/npm/lib/utils/pulse-till-done.js:19:8
22 verbose stack     at saved (/usr/share/npm/lib/cache/caching-client.js:168:7)
22 verbose stack     at /usr/share/npm/node_modules/graceful-fs/polyfills.js:210:7
22 verbose stack     at FSReqWrap.oncomplete (fs.js:135:15)
23 verbose cwd /mnt/c/wamp64/www/Client-Hairdresser/project
24 error Linux 4.4.0-19041-Microsoft
25 error argv "/usr/bin/node" "/usr/bin/npm" "install" "6.0.0"
26 error node v8.10.0
27 error npm  v3.5.2
28 error Cannot convert undefined or null to object
29 error If you need help, you may report this error at:
29 error     <https://github.com/npm/npm/issues>
30 verbose exit [ 1, true ]
